# JRE version: Java(TM) SE Runtime Environment (8.0_151-b12) (build 1.8.0_151-b12)
# Java VM: Java HotSpot(TM) Client VM (25.151-b12 mixed mode, sharing windows-x86 )
Heap:
 def new generation   total 18176K, used 3745K [0x04800000, 0x05bb0000, 0x09d50000)
  eden space 16192K,  20% used [0x04800000, 0x04b4dcb0, 0x057d0000)
  from space 1984K,  18% used [0x059c0000, 0x05a1a8b8, 0x05bb0000)
  to   space 1984K,   0% used [0x057d0000, 0x057d0000, 0x059c0000)
 tenured generation   total 40200K, used 32199K [0x09d50000, 0x0c492000, 0x14800000)
   the space 40200K,  80% used [0x09d50000, 0x0bcc1dd0, 0x0bcc1e00, 0x0c492000)
 Metaspace       used 30218K, capacity 30676K, committed 30720K, reserved 31104K
GC Heap History (10 events):
Event: 57.041 GC heap before
{Heap before GC invocations=130 (full 3):
 def new generation   total 18176K, used 16551K [0x04800000, 0x05bb0000, 0x09d50000)
  eden space 16192K, 100% used [0x04800000, 0x057d0000, 0x057d0000)
  from space 1984K,  18% used [0x057d0000, 0x05829de8, 0x059c0000)
  to   space 1984K,   0% used [0x059c0000, 0x059c0000, 0x05bb0000)
 tenured generation   total 40200K, used 31619K [0x09d50000, 0x0c492000, 0x14800000)
   the space 40200K,  78% used [0x09d50000, 0x0bc30d60, 0x0bc30e00, 0x0c492000)
 Metaspace       used 29951K, capacity 30418K, committed 30464K, reserved 31104K
Event: 57.051 GC heap after
Heap after GC invocations=131 (full 3):
 def new generation   total 18176K, used 1442K [0x04800000, 0x05bb0000, 0x09d50000)
  eden space 16192K,   0% used [0x04800000, 0x04800000, 0x057d0000)
  from space 1984K,  72% used [0x059c0000, 0x05b28ad8, 0x05bb0000)
  to   space 1984K,   0% used [0x057d0000, 0x057d0000, 0x059c0000)
 tenured generation   total 40200K, used 31619K [0x09d50000, 0x0c492000, 0x14800000)
   the space 40200K,  78% used [0x09d50000, 0x0bc30d60, 0x0bc30e00, 0x0c492000)
 Metaspace       used 29951K, capacity 30418K, committed 30464K, reserved 31104K
}
Event: 71.262 GC heap before
{Heap before GC invocations=131 (full 3):
 def new generation   total 18176K, used 17634K [0x04800000, 0x05bb0000, 0x09d50000)
  eden space 16192K, 100% used [0x04800000, 0x057d0000, 0x057d0000)
  from space 1984K,  72% used [0x059c0000, 0x05b28ad8, 0x05bb0000)
  to   space 1984K,   0% used [0x057d0000, 0x057d0000, 0x059c0000)
 tenured generation   total 40200K, used 31619K [0x09d50000, 0x0c492000, 0x14800000)
   the space 40200K,  78% used [0x09d50000, 0x0bc30d60, 0x0bc30e00, 0x0c492000)
 Metaspace       used 29951K, capacity 30418K, committed 30464K, reserved 31104K
Event: 71.268 GC heap after
Heap after GC invocations=132 (full 3):
 def new generation   total 18176K, used 130K [0x04800000, 0x05bb0000, 0x09d50000)
  eden space 16192K,   0% used [0x04800000, 0x04800000, 0x057d0000)
  from space 1984K,   6% used [0x057d0000, 0x057f0918, 0x059c0000)
  to   space 1984K,   0% used [0x059c0000, 0x059c0000, 0x05bb0000)
 tenured generation   total 40200K, used 32199K [0x09d50000, 0x0c492000, 0x14800000)
   the space 40200K,  80% used [0x09d50000, 0x0bcc1dd0, 0x0bcc1e00, 0x0c492000)
 Metaspace       used 29951K, capacity 30418K, committed 30464K, reserved 31104K
}
Event: 85.238 GC heap before
{Heap before GC invocations=132 (full 3):
 def new generation   total 18176K, used 16322K [0x04800000, 0x05bb0000, 0x09d50000)
  eden space 16192K, 100% used [0x04800000, 0x057d0000, 0x057d0000)
  from space 1984K,   6% used [0x057d0000, 0x057f0918, 0x059c0000)
  to   space 1984K,   0% used [0x059c0000, 0x059c0000, 0x05bb0000)
 tenured generation   total 40200K, used 32199K [0x09d50000, 0x0c492000, 0x14800000)
   the space 40200K,  80% used [0x09d50000, 0x0bcc1dd0, 0x0bcc1e00, 0x0c492000)
 Metaspace       used 29951K, capacity 30418K, committed 30464K, reserved 31104K
Event: 85.243 GC heap after
Heap after GC invocations=133 (full 3):
 def new generation   total 18176K, used 240K [0x04800000, 0x05bb0000, 0x09d50000)
  eden space 16192K,   0% used [0x04800000, 0x04800000, 0x057d0000)
  from space 1984K,  12% used [0x059c0000, 0x059fc0c0, 0x05bb0000)
  to   space 1984K,   0% used [0x057d0000, 0x057d0000, 0x059c0000)
 tenured generation   total 40200K, used 32199K [0x09d50000, 0x0c492000, 0x14800000)
   the space 40200K,  80% used [0x09d50000, 0x0bcc1dd0, 0x0bcc1e00, 0x0c492000)
 Metaspace       used 29951K, capacity 30418K, committed 30464K, reserved 31104K
}
Event: 96.433 GC heap before
{Heap before GC invocations=133 (full 3):
 def new generation   total 18176K, used 16419K [0x04800000, 0x05bb0000, 0x09d50000)
  eden space 16192K,  99% used [0x04800000, 0x057ccd70, 0x057d0000)
  from space 1984K,  12% used [0x059c0000, 0x059fc0c0, 0x05bb0000)
  to   space 1984K,   0% used [0x057d0000, 0x057d0000, 0x059c0000)
 tenured generation   total 40200K, used 32199K [0x09d50000, 0x0c492000, 0x14800000)
   the space 40200K,  80% used [0x09d50000, 0x0bcc1dd0, 0x0bcc1e00, 0x0c492000)
 Metaspace       used 30038K, capacity 30482K, committed 30592K, reserved 31104K
Event: 96.438 GC heap after
Heap after GC invocations=134 (full 3):
 def new generation   total 18176K, used 247K [0x04800000, 0x05bb0000, 0x09d50000)
  eden space 16192K,   0% used [0x04800000, 0x04800000, 0x057d0000)
  from space 1984K,  12% used [0x057d0000, 0x0580dee8, 0x059c0000)
  to   space 1984K,   0% used [0x059c0000, 0x059c0000, 0x05bb0000)
 tenured generation   total 40200K, used 32199K [0x09d50000, 0x0c492000, 0x14800000)
   the space 40200K,  80% used [0x09d50000, 0x0bcc1dd0, 0x0bcc1e00, 0x0c492000)
 Metaspace       used 30038K, capacity 30482K, committed 30592K, reserved 31104K
}
Event: 108.118 GC heap before
{Heap before GC invocations=134 (full 3):
 def new generation   total 18176K, used 16439K [0x04800000, 0x05bb0000, 0x09d50000)
  eden space 16192K, 100% used [0x04800000, 0x057d0000, 0x057d0000)
  from space 1984K,  12% used [0x057d0000, 0x0580dee8, 0x059c0000)
  to   space 1984K,   0% used [0x059c0000, 0x059c0000, 0x05bb0000)
 tenured generation   total 40200K, used 32199K [0x09d50000, 0x0c492000, 0x14800000)
   the space 40200K,  80% used [0x09d50000, 0x0bcc1dd0, 0x0bcc1e00, 0x0c492000)
 Metaspace       used 30177K, capacity 30610K, committed 30720K, reserved 31104K
Event: 108.124 GC heap after
Heap after GC invocations=135 (full 3):
 def new generation   total 18176K, used 362K [0x04800000, 0x05bb0000, 0x09d50000)
  eden space 16192K,   0% used [0x04800000, 0x04800000, 0x057d0000)
  from space 1984K,  18% used [0x059c0000, 0x05a1a8b8, 0x05bb0000)
  to   space 1984K,   0% used [0x057d0000, 0x057d0000, 0x059c0000)
 tenured generation   total 40200K, used 32199K [0x09d50000, 0x0c492000, 0x14800000)
   the space 40200K,  80% used [0x09d50000, 0x0bcc1dd0, 0x0bcc1e00, 0x0c492000)
 Metaspace       used 30177K, capacity 30610K, committed 30720K, reserved 31104K
}

