# JRE version: Java(TM) SE Runtime Environment (8.0_151-b12) (build 1.8.0_151-b12)
# Java VM: Java HotSpot(TM) Client VM (25.151-b12 mixed mode, sharing windows-x86 )
Heap:
 def new generation   total 19584K, used 12053K [0x04800000, 0x05d40000, 0x09d50000)
  eden space 17408K,  64% used [0x04800000, 0x0530b638, 0x05900000)
  from space 2176K,  34% used [0x05b20000, 0x05bd9f38, 0x05d40000)
  to   space 2176K,   0% used [0x05900000, 0x05900000, 0x05b20000)
 tenured generation   total 43400K, used 35035K [0x09d50000, 0x0c7b2000, 0x14800000)
   the space 43400K,  80% used [0x09d50000, 0x0bf86d68, 0x0bf86e00, 0x0c7b2000)
 Metaspace       used 30965K, capacity 31445K, committed 31488K, reserved 32128K
GC Heap History (10 events):
Event: 24.605 GC heap before
{Heap before GC invocations=128 (full 3):
 def new generation   total 19584K, used 19502K [0x04800000, 0x05d40000, 0x09d50000)
  eden space 17408K, 100% used [0x04800000, 0x05900000, 0x05900000)
  from space 2176K,  96% used [0x05900000, 0x05b0b970, 0x05b20000)
  to   space 2176K,   0% used [0x05b20000, 0x05b20000, 0x05d40000)
 tenured generation   total 43400K, used 33219K [0x09d50000, 0x0c7b2000, 0x14800000)
   the space 43400K,  76% used [0x09d50000, 0x0bdc0f08, 0x0bdc1000, 0x0c7b2000)
 Metaspace       used 29026K, capacity 29427K, committed 29568K, reserved 30080K
Event: 24.616 GC heap after
Heap after GC invocations=129 (full 3):
 def new generation   total 19584K, used 1335K [0x04800000, 0x05d40000, 0x09d50000)
  eden space 17408K,   0% used [0x04800000, 0x04800000, 0x05900000)
  from space 2176K,  61% used [0x05b20000, 0x05c6dc70, 0x05d40000)
  to   space 2176K,   0% used [0x05900000, 0x05900000, 0x05b20000)
 tenured generation   total 43400K, used 34010K [0x09d50000, 0x0c7b2000, 0x14800000)
   the space 43400K,  78% used [0x09d50000, 0x0be86bf0, 0x0be86c00, 0x0c7b2000)
 Metaspace       used 29026K, capacity 29427K, committed 29568K, reserved 30080K
}
Event: 25.336 GC heap before
{Heap before GC invocations=129 (full 3):
 def new generation   total 19584K, used 18738K [0x04800000, 0x05d40000, 0x09d50000)
  eden space 17408K,  99% used [0x04800000, 0x058fed08, 0x05900000)
  from space 2176K,  61% used [0x05b20000, 0x05c6dc70, 0x05d40000)
  to   space 2176K,   0% used [0x05900000, 0x05900000, 0x05b20000)
 tenured generation   total 43400K, used 34010K [0x09d50000, 0x0c7b2000, 0x14800000)
   the space 43400K,  78% used [0x09d50000, 0x0be86bf0, 0x0be86c00, 0x0c7b2000)
 Metaspace       used 30058K, capacity 30498K, committed 30592K, reserved 31104K
Event: 25.347 GC heap after
Heap after GC invocations=130 (full 3):
 def new generation   total 19584K, used 1629K [0x04800000, 0x05d40000, 0x09d50000)
  eden space 17408K,   0% used [0x04800000, 0x04800000, 0x05900000)
  from space 2176K,  74% used [0x05900000, 0x05a974f0, 0x05b20000)
  to   space 2176K,   0% used [0x05b20000, 0x05b20000, 0x05d40000)
 tenured generation   total 43400K, used 34734K [0x09d50000, 0x0c7b2000, 0x14800000)
   the space 43400K,  80% used [0x09d50000, 0x0bf3b830, 0x0bf3ba00, 0x0c7b2000)
 Metaspace       used 30058K, capacity 30498K, committed 30592K, reserved 31104K
}
Event: 30.078 GC heap before
{Heap before GC invocations=130 (full 3):
 def new generation   total 19584K, used 19037K [0x04800000, 0x05d40000, 0x09d50000)
  eden space 17408K, 100% used [0x04800000, 0x05900000, 0x05900000)
  from space 2176K,  74% used [0x05900000, 0x05a974f0, 0x05b20000)
  to   space 2176K,   0% used [0x05b20000, 0x05b20000, 0x05d40000)
 tenured generation   total 43400K, used 34734K [0x09d50000, 0x0c7b2000, 0x14800000)
   the space 43400K,  80% used [0x09d50000, 0x0bf3b830, 0x0bf3ba00, 0x0c7b2000)
 Metaspace       used 30540K, capacity 30983K, committed 31104K, reserved 31104K
Event: 30.087 GC heap after
Heap after GC invocations=131 (full 3):
 def new generation   total 19584K, used 820K [0x04800000, 0x05d40000, 0x09d50000)
  eden space 17408K,   0% used [0x04800000, 0x04800000, 0x05900000)
  from space 2176K,  37% used [0x05b20000, 0x05bed200, 0x05d40000)
  to   space 2176K,   0% used [0x05900000, 0x05900000, 0x05b20000)
 tenured generation   total 43400K, used 35035K [0x09d50000, 0x0c7b2000, 0x14800000)
   the space 43400K,  80% used [0x09d50000, 0x0bf86d68, 0x0bf86e00, 0x0c7b2000)
 Metaspace       used 30540K, capacity 30983K, committed 31104K, reserved 31104K
}
Event: 38.130 GC heap before
{Heap before GC invocations=131 (full 3):
 def new generation   total 19584K, used 18228K [0x04800000, 0x05d40000, 0x09d50000)
  eden space 17408K, 100% used [0x04800000, 0x05900000, 0x05900000)
  from space 2176K,  37% used [0x05b20000, 0x05bed200, 0x05d40000)
  to   space 2176K,   0% used [0x05900000, 0x05900000, 0x05b20000)
 tenured generation   total 43400K, used 35035K [0x09d50000, 0x0c7b2000, 0x14800000)
   the space 43400K,  80% used [0x09d50000, 0x0bf86d68, 0x0bf86e00, 0x0c7b2000)
 Metaspace       used 30671K, capacity 31112K, committed 31232K, reserved 32128K
Event: 38.138 GC heap after
Heap after GC invocations=132 (full 3):
 def new generation   total 19584K, used 882K [0x04800000, 0x05d40000, 0x09d50000)
  eden space 17408K,   0% used [0x04800000, 0x04800000, 0x05900000)
  from space 2176K,  40% used [0x05900000, 0x059dc8f8, 0x05b20000)
  to   space 2176K,   0% used [0x05b20000, 0x05b20000, 0x05d40000)
 tenured generation   total 43400K, used 35035K [0x09d50000, 0x0c7b2000, 0x14800000)
   the space 43400K,  80% used [0x09d50000, 0x0bf86d68, 0x0bf86e00, 0x0c7b2000)
 Metaspace       used 30671K, capacity 31112K, committed 31232K, reserved 32128K
}
Event: 51.349 GC heap before
{Heap before GC invocations=132 (full 3):
 def new generation   total 19584K, used 18290K [0x04800000, 0x05d40000, 0x09d50000)
  eden space 17408K, 100% used [0x04800000, 0x05900000, 0x05900000)
  from space 2176K,  40% used [0x05900000, 0x059dc8f8, 0x05b20000)
  to   space 2176K,   0% used [0x05b20000, 0x05b20000, 0x05d40000)
 tenured generation   total 43400K, used 35035K [0x09d50000, 0x0c7b2000, 0x14800000)
   the space 43400K,  80% used [0x09d50000, 0x0bf86d68, 0x0bf86e00, 0x0c7b2000)
 Metaspace       used 30692K, capacity 31144K, committed 31232K, reserved 32128K
Event: 51.356 GC heap after
Heap after GC invocations=133 (full 3):
 def new generation   total 19584K, used 743K [0x04800000, 0x05d40000, 0x09d50000)
  eden space 17408K,   0% used [0x04800000, 0x04800000, 0x05900000)
  from space 2176K,  34% used [0x05b20000, 0x05bd9f38, 0x05d40000)
  to   space 2176K,   0% used [0x05900000, 0x05900000, 0x05b20000)
 tenured generation   total 43400K, used 35035K [0x09d50000, 0x0c7b2000, 0x14800000)
   the space 43400K,  80% used [0x09d50000, 0x0bf86d68, 0x0bf86e00, 0x0c7b2000)
 Metaspace       used 30692K, capacity 31144K, committed 31232K, reserved 32128K
}

