# JRE version: Java(TM) SE Runtime Environment (8.0_151-b12) (build 1.8.0_151-b12)
# Java VM: Java HotSpot(TM) Client VM (25.151-b12 mixed mode, sharing windows-x86 )
Heap:
 def new generation   total 20160K, used 5268K [0x04a00000, 0x05fd0000, 0x09f50000)
  eden space 17984K,  24% used [0x04a00000, 0x04e3a4f0, 0x05b90000)
  from space 2176K,  43% used [0x05b90000, 0x05c7ac20, 0x05db0000)
  to   space 2176K,   0% used [0x05db0000, 0x05db0000, 0x05fd0000)
 tenured generation   total 44608K, used 36251K [0x09f50000, 0x0cae0000, 0x14a00000)
   the space 44608K,  81% used [0x09f50000, 0x0c2b6ca8, 0x0c2b6e00, 0x0cae0000)
 Metaspace       used 30788K, capacity 31230K, committed 31360K, reserved 32128K
GC Heap History (10 events):
Event: 186.111 GC heap before
{Heap before GC invocations=141 (full 3):
 def new generation   total 20160K, used 18311K [0x04a00000, 0x05fd0000, 0x09f50000)
  eden space 17984K, 100% used [0x04a00000, 0x05b90000, 0x05b90000)
  from space 2176K,  15% used [0x05db0000, 0x05e01c68, 0x05fd0000)
  to   space 2176K,   0% used [0x05b90000, 0x05b90000, 0x05db0000)
 tenured generation   total 44608K, used 36251K [0x09f50000, 0x0cae0000, 0x14a00000)
   the space 44608K,  81% used [0x09f50000, 0x0c2b6ca8, 0x0c2b6e00, 0x0cae0000)
 Metaspace       used 30363K, capacity 30836K, committed 30976K, reserved 31104K
Event: 186.114 GC heap after
Heap after GC invocations=142 (full 3):
 def new generation   total 20160K, used 154K [0x04a00000, 0x05fd0000, 0x09f50000)
  eden space 17984K,   0% used [0x04a00000, 0x04a00000, 0x05b90000)
  from space 2176K,   7% used [0x05b90000, 0x05bb6b20, 0x05db0000)
  to   space 2176K,   0% used [0x05db0000, 0x05db0000, 0x05fd0000)
 tenured generation   total 44608K, used 36251K [0x09f50000, 0x0cae0000, 0x14a00000)
   the space 44608K,  81% used [0x09f50000, 0x0c2b6ca8, 0x0c2b6e00, 0x0cae0000)
 Metaspace       used 30363K, capacity 30836K, committed 30976K, reserved 31104K
}
Event: 197.332 GC heap before
{Heap before GC invocations=142 (full 3):
 def new generation   total 20160K, used 18138K [0x04a00000, 0x05fd0000, 0x09f50000)
  eden space 17984K, 100% used [0x04a00000, 0x05b90000, 0x05b90000)
  from space 2176K,   7% used [0x05b90000, 0x05bb6b20, 0x05db0000)
  to   space 2176K,   0% used [0x05db0000, 0x05db0000, 0x05fd0000)
 tenured generation   total 44608K, used 36251K [0x09f50000, 0x0cae0000, 0x14a00000)
   the space 44608K,  81% used [0x09f50000, 0x0c2b6ca8, 0x0c2b6e00, 0x0cae0000)
 Metaspace       used 30365K, capacity 30838K, committed 30976K, reserved 31104K
Event: 197.336 GC heap after
Heap after GC invocations=143 (full 3):
 def new generation   total 20160K, used 313K [0x04a00000, 0x05fd0000, 0x09f50000)
  eden space 17984K,   0% used [0x04a00000, 0x04a00000, 0x05b90000)
  from space 2176K,  14% used [0x05db0000, 0x05dfe7e0, 0x05fd0000)
  to   space 2176K,   0% used [0x05b90000, 0x05b90000, 0x05db0000)
 tenured generation   total 44608K, used 36251K [0x09f50000, 0x0cae0000, 0x14a00000)
   the space 44608K,  81% used [0x09f50000, 0x0c2b6ca8, 0x0c2b6e00, 0x0cae0000)
 Metaspace       used 30365K, capacity 30838K, committed 30976K, reserved 31104K
}
Event: 207.101 GC heap before
{Heap before GC invocations=143 (full 3):
 def new generation   total 20160K, used 18297K [0x04a00000, 0x05fd0000, 0x09f50000)
  eden space 17984K, 100% used [0x04a00000, 0x05b90000, 0x05b90000)
  from space 2176K,  14% used [0x05db0000, 0x05dfe7e0, 0x05fd0000)
  to   space 2176K,   0% used [0x05b90000, 0x05b90000, 0x05db0000)
 tenured generation   total 44608K, used 36251K [0x09f50000, 0x0cae0000, 0x14a00000)
   the space 44608K,  81% used [0x09f50000, 0x0c2b6ca8, 0x0c2b6e00, 0x0cae0000)
 Metaspace       used 30367K, capacity 30841K, committed 30976K, reserved 31104K
Event: 207.105 GC heap after
Heap after GC invocations=144 (full 3):
 def new generation   total 20160K, used 309K [0x04a00000, 0x05fd0000, 0x09f50000)
  eden space 17984K,   0% used [0x04a00000, 0x04a00000, 0x05b90000)
  from space 2176K,  14% used [0x05b90000, 0x05bdd6a8, 0x05db0000)
  to   space 2176K,   0% used [0x05db0000, 0x05db0000, 0x05fd0000)
 tenured generation   total 44608K, used 36251K [0x09f50000, 0x0cae0000, 0x14a00000)
   the space 44608K,  81% used [0x09f50000, 0x0c2b6ca8, 0x0c2b6e00, 0x0cae0000)
 Metaspace       used 30367K, capacity 30841K, committed 30976K, reserved 31104K
}
Event: 217.249 GC heap before
{Heap before GC invocations=144 (full 3):
 def new generation   total 20160K, used 18293K [0x04a00000, 0x05fd0000, 0x09f50000)
  eden space 17984K, 100% used [0x04a00000, 0x05b90000, 0x05b90000)
  from space 2176K,  14% used [0x05b90000, 0x05bdd6a8, 0x05db0000)
  to   space 2176K,   0% used [0x05db0000, 0x05db0000, 0x05fd0000)
 tenured generation   total 44608K, used 36251K [0x09f50000, 0x0cae0000, 0x14a00000)
   the space 44608K,  81% used [0x09f50000, 0x0c2b6ca8, 0x0c2b6e00, 0x0cae0000)
 Metaspace       used 30371K, capacity 30841K, committed 30976K, reserved 31104K
Event: 217.253 GC heap after
Heap after GC invocations=145 (full 3):
 def new generation   total 20160K, used 488K [0x04a00000, 0x05fd0000, 0x09f50000)
  eden space 17984K,   0% used [0x04a00000, 0x04a00000, 0x05b90000)
  from space 2176K,  22% used [0x05db0000, 0x05e2a0b8, 0x05fd0000)
  to   space 2176K,   0% used [0x05b90000, 0x05b90000, 0x05db0000)
 tenured generation   total 44608K, used 36251K [0x09f50000, 0x0cae0000, 0x14a00000)
   the space 44608K,  81% used [0x09f50000, 0x0c2b6ca8, 0x0c2b6e00, 0x0cae0000)
 Metaspace       used 30371K, capacity 30841K, committed 30976K, reserved 31104K
}
Event: 223.213 GC heap before
{Heap before GC invocations=145 (full 3):
 def new generation   total 20160K, used 18472K [0x04a00000, 0x05fd0000, 0x09f50000)
  eden space 17984K, 100% used [0x04a00000, 0x05b90000, 0x05b90000)
  from space 2176K,  22% used [0x05db0000, 0x05e2a0b8, 0x05fd0000)
  to   space 2176K,   0% used [0x05b90000, 0x05b90000, 0x05db0000)
 tenured generation   total 44608K, used 36251K [0x09f50000, 0x0cae0000, 0x14a00000)
   the space 44608K,  81% used [0x09f50000, 0x0c2b6ca8, 0x0c2b6e00, 0x0cae0000)
 Metaspace       used 30720K, capacity 31193K, committed 31360K, reserved 32128K
Event: 223.218 GC heap after
Heap after GC invocations=146 (full 3):
 def new generation   total 20160K, used 939K [0x04a00000, 0x05fd0000, 0x09f50000)
  eden space 17984K,   0% used [0x04a00000, 0x04a00000, 0x05b90000)
  from space 2176K,  43% used [0x05b90000, 0x05c7ac20, 0x05db0000)
  to   space 2176K,   0% used [0x05db0000, 0x05db0000, 0x05fd0000)
 tenured generation   total 44608K, used 36251K [0x09f50000, 0x0cae0000, 0x14a00000)
   the space 44608K,  81% used [0x09f50000, 0x0c2b6ca8, 0x0c2b6e00, 0x0cae0000)
 Metaspace       used 30720K, capacity 31193K, committed 31360K, reserved 32128K
}

