# JRE version: Java(TM) SE Runtime Environment (8.0_151-b12) (build 1.8.0_151-b12)
# Java VM: Java HotSpot(TM) Client VM (25.151-b12 mixed mode, sharing windows-x86 )
Heap:
 def new generation   total 18048K, used 16074K [0x04c00000, 0x05f90000, 0x0a150000)
  eden space 16064K,  94% used [0x04c00000, 0x05ad6130, 0x05bb0000)
  from space 1984K,  44% used [0x05da0000, 0x05e7c800, 0x05f90000)
  to   space 1984K,   0% used [0x05bb0000, 0x05bb0000, 0x05da0000)
 tenured generation   total 39984K, used 34443K [0x0a150000, 0x0c85c000, 0x14c00000)
   the space 39984K,  86% used [0x0a150000, 0x0c2f2ee8, 0x0c2f3000, 0x0c85c000)
 Metaspace       used 30991K, capacity 31504K, committed 31616K, reserved 32128K
GC Heap History (10 events):
Event: 77.538 GC heap before
{Heap before GC invocations=135 (full 3):
 def new generation   total 18048K, used 17067K [0x04c00000, 0x05f90000, 0x0a150000)
  eden space 16064K, 100% used [0x04c00000, 0x05bb0000, 0x05bb0000)
  from space 1984K,  50% used [0x05bb0000, 0x05caae40, 0x05da0000)
  to   space 1984K,   0% used [0x05da0000, 0x05da0000, 0x05f90000)
 tenured generation   total 39984K, used 34295K [0x0a150000, 0x0c85c000, 0x14c00000)
   the space 39984K,  85% used [0x0a150000, 0x0c2cdf08, 0x0c2ce000, 0x0c85c000)
 Metaspace       used 30698K, capacity 31166K, committed 31232K, reserved 32128K
Event: 77.546 GC heap after
Heap after GC invocations=136 (full 3):
 def new generation   total 18048K, used 857K [0x04c00000, 0x05f90000, 0x0a150000)
  eden space 16064K,   0% used [0x04c00000, 0x04c00000, 0x05bb0000)
  from space 1984K,  43% used [0x05da0000, 0x05e76500, 0x05f90000)
  to   space 1984K,   0% used [0x05bb0000, 0x05bb0000, 0x05da0000)
 tenured generation   total 39984K, used 34443K [0x0a150000, 0x0c85c000, 0x14c00000)
   the space 39984K,  86% used [0x0a150000, 0x0c2f2ee8, 0x0c2f3000, 0x0c85c000)
 Metaspace       used 30698K, capacity 31166K, committed 31232K, reserved 32128K
}
Event: 84.187 GC heap before
{Heap before GC invocations=136 (full 3):
 def new generation   total 18048K, used 16921K [0x04c00000, 0x05f90000, 0x0a150000)
  eden space 16064K, 100% used [0x04c00000, 0x05bb0000, 0x05bb0000)
  from space 1984K,  43% used [0x05da0000, 0x05e76500, 0x05f90000)
  to   space 1984K,   0% used [0x05bb0000, 0x05bb0000, 0x05da0000)
 tenured generation   total 39984K, used 34443K [0x0a150000, 0x0c85c000, 0x14c00000)
   the space 39984K,  86% used [0x0a150000, 0x0c2f2ee8, 0x0c2f3000, 0x0c85c000)
 Metaspace       used 30722K, capacity 31209K, committed 31232K, reserved 32128K
Event: 84.195 GC heap after
Heap after GC invocations=137 (full 3):
 def new generation   total 18048K, used 616K [0x04c00000, 0x05f90000, 0x0a150000)
  eden space 16064K,   0% used [0x04c00000, 0x04c00000, 0x05bb0000)
  from space 1984K,  31% used [0x05bb0000, 0x05c4a168, 0x05da0000)
  to   space 1984K,   0% used [0x05da0000, 0x05da0000, 0x05f90000)
 tenured generation   total 39984K, used 34443K [0x0a150000, 0x0c85c000, 0x14c00000)
   the space 39984K,  86% used [0x0a150000, 0x0c2f2ee8, 0x0c2f3000, 0x0c85c000)
 Metaspace       used 30722K, capacity 31209K, committed 31232K, reserved 32128K
}
Event: 94.437 GC heap before
{Heap before GC invocations=137 (full 3):
 def new generation   total 18048K, used 16680K [0x04c00000, 0x05f90000, 0x0a150000)
  eden space 16064K, 100% used [0x04c00000, 0x05bb0000, 0x05bb0000)
  from space 1984K,  31% used [0x05bb0000, 0x05c4a168, 0x05da0000)
  to   space 1984K,   0% used [0x05da0000, 0x05da0000, 0x05f90000)
 tenured generation   total 39984K, used 34443K [0x0a150000, 0x0c85c000, 0x14c00000)
   the space 39984K,  86% used [0x0a150000, 0x0c2f2ee8, 0x0c2f3000, 0x0c85c000)
 Metaspace       used 30723K, capacity 31209K, committed 31232K, reserved 32128K
Event: 94.445 GC heap after
Heap after GC invocations=138 (full 3):
 def new generation   total 18048K, used 853K [0x04c00000, 0x05f90000, 0x0a150000)
  eden space 16064K,   0% used [0x04c00000, 0x04c00000, 0x05bb0000)
  from space 1984K,  43% used [0x05da0000, 0x05e757d0, 0x05f90000)
  to   space 1984K,   0% used [0x05bb0000, 0x05bb0000, 0x05da0000)
 tenured generation   total 39984K, used 34443K [0x0a150000, 0x0c85c000, 0x14c00000)
   the space 39984K,  86% used [0x0a150000, 0x0c2f2ee8, 0x0c2f3000, 0x0c85c000)
 Metaspace       used 30723K, capacity 31209K, committed 31232K, reserved 32128K
}
Event: 105.786 GC heap before
{Heap before GC invocations=138 (full 3):
 def new generation   total 18048K, used 16903K [0x04c00000, 0x05f90000, 0x0a150000)
  eden space 16064K,  99% used [0x04c00000, 0x05bac780, 0x05bb0000)
  from space 1984K,  43% used [0x05da0000, 0x05e757d0, 0x05f90000)
  to   space 1984K,   0% used [0x05bb0000, 0x05bb0000, 0x05da0000)
 tenured generation   total 39984K, used 34443K [0x0a150000, 0x0c85c000, 0x14c00000)
   the space 39984K,  86% used [0x0a150000, 0x0c2f2ee8, 0x0c2f3000, 0x0c85c000)
 Metaspace       used 30723K, capacity 31209K, committed 31232K, reserved 32128K
Event: 105.795 GC heap after
Heap after GC invocations=139 (full 3):
 def new generation   total 18048K, used 736K [0x04c00000, 0x05f90000, 0x0a150000)
  eden space 16064K,   0% used [0x04c00000, 0x04c00000, 0x05bb0000)
  from space 1984K,  37% used [0x05bb0000, 0x05c681f0, 0x05da0000)
  to   space 1984K,   0% used [0x05da0000, 0x05da0000, 0x05f90000)
 tenured generation   total 39984K, used 34443K [0x0a150000, 0x0c85c000, 0x14c00000)
   the space 39984K,  86% used [0x0a150000, 0x0c2f2ee8, 0x0c2f3000, 0x0c85c000)
 Metaspace       used 30723K, capacity 31209K, committed 31232K, reserved 32128K
}
Event: 116.933 GC heap before
{Heap before GC invocations=139 (full 3):
 def new generation   total 18048K, used 16800K [0x04c00000, 0x05f90000, 0x0a150000)
  eden space 16064K, 100% used [0x04c00000, 0x05bb0000, 0x05bb0000)
  from space 1984K,  37% used [0x05bb0000, 0x05c681f0, 0x05da0000)
  to   space 1984K,   0% used [0x05da0000, 0x05da0000, 0x05f90000)
 tenured generation   total 39984K, used 34443K [0x0a150000, 0x0c85c000, 0x14c00000)
   the space 39984K,  86% used [0x0a150000, 0x0c2f2ee8, 0x0c2f3000, 0x0c85c000)
 Metaspace       used 30807K, capacity 31273K, committed 31360K, reserved 32128K
Event: 116.943 GC heap after
Heap after GC invocations=140 (full 3):
 def new generation   total 18048K, used 882K [0x04c00000, 0x05f90000, 0x0a150000)
  eden space 16064K,   0% used [0x04c00000, 0x04c00000, 0x05bb0000)
  from space 1984K,  44% used [0x05da0000, 0x05e7c800, 0x05f90000)
  to   space 1984K,   0% used [0x05bb0000, 0x05bb0000, 0x05da0000)
 tenured generation   total 39984K, used 34443K [0x0a150000, 0x0c85c000, 0x14c00000)
   the space 39984K,  86% used [0x0a150000, 0x0c2f2ee8, 0x0c2f3000, 0x0c85c000)
 Metaspace       used 30807K, capacity 31273K, committed 31360K, reserved 32128K
}

