# JRE version: Java(TM) SE Runtime Environment (8.0_151-b12) (build 1.8.0_151-b12)
# Java VM: Java HotSpot(TM) Client VM (25.151-b12 mixed mode, sharing windows-x86 )
Heap:
 def new generation   total 20608K, used 16071K [0x04c00000, 0x06250000, 0x0a150000)
  eden space 18368K,  79% used [0x04c00000, 0x05a4ac08, 0x05df0000)
  from space 2240K,  64% used [0x05df0000, 0x05f57388, 0x06020000)
  to   space 2240K,   0% used [0x06020000, 0x06020000, 0x06250000)
 tenured generation   total 45644K, used 28023K [0x0a150000, 0x0cde3000, 0x14c00000)
   the space 45644K,  61% used [0x0a150000, 0x0bcadc20, 0x0bcade00, 0x0cde3000)
 Metaspace       used 26580K, capacity 26970K, committed 27136K, reserved 28032K
GC Heap History (10 events):
Event: 12.496 GC heap before
{Heap before GC invocations=121 (full 2):
 def new generation   total 12864K, used 12331K [0x04c00000, 0x059f0000, 0x0a150000)
  eden space 11456K, 100% used [0x04c00000, 0x05730000, 0x05730000)
  from space 1408K,  62% used [0x05730000, 0x0580ae08, 0x05890000)
  to   space 1408K,   0% used [0x05890000, 0x05890000, 0x059f0000)
 tenured generation   total 28460K, used 27488K [0x0a150000, 0x0bd1b000, 0x14c00000)
   the space 28460K,  96% used [0x0a150000, 0x0bc28040, 0x0bc28200, 0x0bd1b000)
 Metaspace       used 23996K, capacity 24361K, committed 24536K, reserved 24960K
Event: 12.504 GC heap after
Heap after GC invocations=122 (full 2):
 def new generation   total 12864K, used 944K [0x04c00000, 0x059f0000, 0x0a150000)
  eden space 11456K,   0% used [0x04c00000, 0x04c00000, 0x05730000)
  from space 1408K,  67% used [0x05890000, 0x0597c048, 0x059f0000)
  to   space 1408K,   0% used [0x05730000, 0x05730000, 0x05890000)
 tenured generation   total 28460K, used 27768K [0x0a150000, 0x0bd1b000, 0x14c00000)
   the space 28460K,  97% used [0x0a150000, 0x0bc6e078, 0x0bc6e200, 0x0bd1b000)
 Metaspace       used 23996K, capacity 24361K, committed 24536K, reserved 24960K
}
Event: 12.622 GC heap before
{Heap before GC invocations=122 (full 2):
 def new generation   total 12864K, used 12400K [0x04c00000, 0x059f0000, 0x0a150000)
  eden space 11456K, 100% used [0x04c00000, 0x05730000, 0x05730000)
  from space 1408K,  67% used [0x05890000, 0x0597c048, 0x059f0000)
  to   space 1408K,   0% used [0x05730000, 0x05730000, 0x05890000)
 tenured generation   total 28460K, used 27768K [0x0a150000, 0x0bd1b000, 0x14c00000)
   the space 28460K,  97% used [0x0a150000, 0x0bc6e078, 0x0bc6e200, 0x0bd1b000)
 Metaspace       used 24016K, capacity 24393K, committed 24536K, reserved 24960K
Event: 12.629 GC heap after
Heap after GC invocations=123 (full 2):
 def new generation   total 12864K, used 487K [0x04c00000, 0x059f0000, 0x0a150000)
  eden space 11456K,   0% used [0x04c00000, 0x04c00000, 0x05730000)
  from space 1408K,  34% used [0x05730000, 0x057a9c70, 0x05890000)
  to   space 1408K,   0% used [0x05890000, 0x05890000, 0x059f0000)
 tenured generation   total 28460K, used 28320K [0x0a150000, 0x0bd1b000, 0x14c00000)
   the space 28460K,  99% used [0x0a150000, 0x0bcf8050, 0x0bcf8200, 0x0bd1b000)
 Metaspace       used 24016K, capacity 24393K, committed 24536K, reserved 24960K
}
Event: 12.676 GC heap before
{Heap before GC invocations=123 (full 2):
 def new generation   total 12864K, used 3238K [0x04c00000, 0x059f0000, 0x0a150000)
  eden space 11456K,  24% used [0x04c00000, 0x04eafd70, 0x05730000)
  from space 1408K,  34% used [0x05730000, 0x057a9c70, 0x05890000)
  to   space 1408K,   0% used [0x05890000, 0x05890000, 0x059f0000)
 tenured generation   total 28460K, used 28320K [0x0a150000, 0x0bd1b000, 0x14c00000)
   the space 28460K,  99% used [0x0a150000, 0x0bcf8050, 0x0bcf8200, 0x0bd1b000)
 Metaspace       used 24066K, capacity 24425K, committed 24536K, reserved 24960K
Event: 12.818 GC heap after
Heap after GC invocations=124 (full 3):
 def new generation   total 20608K, used 0K [0x04c00000, 0x06250000, 0x0a150000)
  eden space 18368K,   0% used [0x04c00000, 0x04c00000, 0x05df0000)
  from space 2240K,   0% used [0x05df0000, 0x05df0000, 0x06020000)
  to   space 2240K,   0% used [0x06020000, 0x06020000, 0x06250000)
 tenured generation   total 45644K, used 27384K [0x0a150000, 0x0cde3000, 0x14c00000)
   the space 45644K,  59% used [0x0a150000, 0x0bc0e388, 0x0bc0e400, 0x0cde3000)
 Metaspace       used 24059K, capacity 24412K, committed 24536K, reserved 24960K
}
Event: 43.814 GC heap before
{Heap before GC invocations=124 (full 3):
 def new generation   total 20608K, used 18368K [0x04c00000, 0x06250000, 0x0a150000)
  eden space 18368K, 100% used [0x04c00000, 0x05df0000, 0x05df0000)
  from space 2240K,   0% used [0x05df0000, 0x05df0000, 0x06020000)
  to   space 2240K,   0% used [0x06020000, 0x06020000, 0x06250000)
 tenured generation   total 45644K, used 27384K [0x0a150000, 0x0cde3000, 0x14c00000)
   the space 45644K,  59% used [0x0a150000, 0x0bc0e388, 0x0bc0e400, 0x0cde3000)
 Metaspace       used 24643K, capacity 25008K, committed 25216K, reserved 25984K
Event: 43.826 GC heap after
Heap after GC invocations=125 (full 3):
 def new generation   total 20608K, used 1189K [0x04c00000, 0x06250000, 0x0a150000)
  eden space 18368K,   0% used [0x04c00000, 0x04c00000, 0x05df0000)
  from space 2240K,  53% used [0x06020000, 0x061497a0, 0x06250000)
  to   space 2240K,   0% used [0x05df0000, 0x05df0000, 0x06020000)
 tenured generation   total 45644K, used 27384K [0x0a150000, 0x0cde3000, 0x14c00000)
   the space 45644K,  59% used [0x0a150000, 0x0bc0e388, 0x0bc0e400, 0x0cde3000)
 Metaspace       used 24643K, capacity 25008K, committed 25216K, reserved 25984K
}
Event: 47.149 GC heap before
{Heap before GC invocations=125 (full 3):
 def new generation   total 20608K, used 19557K [0x04c00000, 0x06250000, 0x0a150000)
  eden space 18368K, 100% used [0x04c00000, 0x05df0000, 0x05df0000)
  from space 2240K,  53% used [0x06020000, 0x061497a0, 0x06250000)
  to   space 2240K,   0% used [0x05df0000, 0x05df0000, 0x06020000)
 tenured generation   total 45644K, used 27384K [0x0a150000, 0x0cde3000, 0x14c00000)
   the space 45644K,  59% used [0x0a150000, 0x0bc0e388, 0x0bc0e400, 0x0cde3000)
 Metaspace       used 25416K, capacity 25776K, committed 25984K, reserved 25984K
Event: 47.162 GC heap after
Heap after GC invocations=126 (full 3):
 def new generation   total 20608K, used 1436K [0x04c00000, 0x06250000, 0x0a150000)
  eden space 18368K,   0% used [0x04c00000, 0x04c00000, 0x05df0000)
  from space 2240K,  64% used [0x05df0000, 0x05f57388, 0x06020000)
  to   space 2240K,   0% used [0x06020000, 0x06020000, 0x06250000)
 tenured generation   total 45644K, used 28023K [0x0a150000, 0x0cde3000, 0x14c00000)
   the space 45644K,  61% used [0x0a150000, 0x0bcadc20, 0x0bcade00, 0x0cde3000)
 Metaspace       used 25416K, capacity 25776K, committed 25984K, reserved 25984K
}

