# JRE version: Java(TM) SE Runtime Environment (8.0_151-b12) (build 1.8.0_151-b12)
# Java VM: Java HotSpot(TM) Client VM (25.151-b12 mixed mode, sharing windows-x86 )
Heap:
 def new generation   total 18048K, used 14942K [0x04800000, 0x05b90000, 0x09d50000)
  eden space 16064K,  89% used [0x04800000, 0x055fd360, 0x057b0000)
  from space 1984K,  31% used [0x057b0000, 0x0584a4d0, 0x059a0000)
  to   space 1984K,   0% used [0x059a0000, 0x059a0000, 0x05b90000)
 tenured generation   total 39916K, used 26417K [0x09d50000, 0x0c44b000, 0x14800000)
   the space 39916K,  66% used [0x09d50000, 0x0b71c520, 0x0b71c600, 0x0c44b000)
 Metaspace       used 26481K, capacity 26836K, committed 27136K, reserved 28032K
GC Heap History (10 events):
Event: 21.464 GC heap before
{Heap before GC invocations=120 (full 3):
 def new generation   total 18048K, used 16812K [0x04800000, 0x05b90000, 0x09d50000)
  eden space 16064K, 100% used [0x04800000, 0x057b0000, 0x057b0000)
  from space 1984K,  37% used [0x059a0000, 0x05a5b1c8, 0x05b90000)
  to   space 1984K,   0% used [0x057b0000, 0x057b0000, 0x059a0000)
 tenured generation   total 39916K, used 23947K [0x09d50000, 0x0c44b000, 0x14800000)
   the space 39916K,  59% used [0x09d50000, 0x0b4b2e58, 0x0b4b3000, 0x0c44b000)
 Metaspace       used 23687K, capacity 23997K, committed 24236K, reserved 24960K
Event: 21.472 GC heap after
Heap after GC invocations=121 (full 3):
 def new generation   total 18048K, used 1159K [0x04800000, 0x05b90000, 0x09d50000)
  eden space 16064K,   0% used [0x04800000, 0x04800000, 0x057b0000)
  from space 1984K,  58% used [0x057b0000, 0x058d1c78, 0x059a0000)
  to   space 1984K,   0% used [0x059a0000, 0x059a0000, 0x05b90000)
 tenured generation   total 39916K, used 23947K [0x09d50000, 0x0c44b000, 0x14800000)
   the space 39916K,  59% used [0x09d50000, 0x0b4b2e58, 0x0b4b3000, 0x0c44b000)
 Metaspace       used 23687K, capacity 23997K, committed 24236K, reserved 24960K
}
Event: 21.988 GC heap before
{Heap before GC invocations=121 (full 3):
 def new generation   total 18048K, used 17223K [0x04800000, 0x05b90000, 0x09d50000)
  eden space 16064K, 100% used [0x04800000, 0x057b0000, 0x057b0000)
  from space 1984K,  58% used [0x057b0000, 0x058d1c78, 0x059a0000)
  to   space 1984K,   0% used [0x059a0000, 0x059a0000, 0x05b90000)
 tenured generation   total 39916K, used 23947K [0x09d50000, 0x0c44b000, 0x14800000)
   the space 39916K,  59% used [0x09d50000, 0x0b4b2e58, 0x0b4b3000, 0x0c44b000)
 Metaspace       used 24084K, capacity 24418K, committed 24748K, reserved 24960K
Event: 21.998 GC heap after
Heap after GC invocations=122 (full 3):
 def new generation   total 18048K, used 1182K [0x04800000, 0x05b90000, 0x09d50000)
  eden space 16064K,   0% used [0x04800000, 0x04800000, 0x057b0000)
  from space 1984K,  59% used [0x059a0000, 0x05ac7bb8, 0x05b90000)
  to   space 1984K,   0% used [0x057b0000, 0x057b0000, 0x059a0000)
 tenured generation   total 39916K, used 24631K [0x09d50000, 0x0c44b000, 0x14800000)
   the space 39916K,  61% used [0x09d50000, 0x0b55dc10, 0x0b55de00, 0x0c44b000)
 Metaspace       used 24084K, capacity 24418K, committed 24748K, reserved 24960K
}
Event: 53.483 GC heap before
{Heap before GC invocations=122 (full 3):
 def new generation   total 18048K, used 17246K [0x04800000, 0x05b90000, 0x09d50000)
  eden space 16064K, 100% used [0x04800000, 0x057b0000, 0x057b0000)
  from space 1984K,  59% used [0x059a0000, 0x05ac7bb8, 0x05b90000)
  to   space 1984K,   0% used [0x057b0000, 0x057b0000, 0x059a0000)
 tenured generation   total 39916K, used 24631K [0x09d50000, 0x0c44b000, 0x14800000)
   the space 39916K,  61% used [0x09d50000, 0x0b55dc10, 0x0b55de00, 0x0c44b000)
 Metaspace       used 24500K, capacity 24819K, committed 25088K, reserved 25984K
Event: 53.497 GC heap after
Heap after GC invocations=123 (full 3):
 def new generation   total 18048K, used 1556K [0x04800000, 0x05b90000, 0x09d50000)
  eden space 16064K,   0% used [0x04800000, 0x04800000, 0x057b0000)
  from space 1984K,  78% used [0x057b0000, 0x059350c8, 0x059a0000)
  to   space 1984K,   0% used [0x059a0000, 0x059a0000, 0x05b90000)
 tenured generation   total 39916K, used 24983K [0x09d50000, 0x0c44b000, 0x14800000)
   the space 39916K,  62% used [0x09d50000, 0x0b5b5e58, 0x0b5b6000, 0x0c44b000)
 Metaspace       used 24500K, capacity 24819K, committed 25088K, reserved 25984K
}
Event: 74.355 GC heap before
{Heap before GC invocations=123 (full 3):
 def new generation   total 18048K, used 17620K [0x04800000, 0x05b90000, 0x09d50000)
  eden space 16064K, 100% used [0x04800000, 0x057b0000, 0x057b0000)
  from space 1984K,  78% used [0x057b0000, 0x059350c8, 0x059a0000)
  to   space 1984K,   0% used [0x059a0000, 0x059a0000, 0x05b90000)
 tenured generation   total 39916K, used 24983K [0x09d50000, 0x0c44b000, 0x14800000)
   the space 39916K,  62% used [0x09d50000, 0x0b5b5e58, 0x0b5b6000, 0x0c44b000)
 Metaspace       used 25107K, capacity 25420K, committed 25600K, reserved 25984K
Event: 74.368 GC heap after
Heap after GC invocations=124 (full 3):
 def new generation   total 18048K, used 1180K [0x04800000, 0x05b90000, 0x09d50000)
  eden space 16064K,   0% used [0x04800000, 0x04800000, 0x057b0000)
  from space 1984K,  59% used [0x059a0000, 0x05ac71f8, 0x05b90000)
  to   space 1984K,   0% used [0x057b0000, 0x057b0000, 0x059a0000)
 tenured generation   total 39916K, used 26067K [0x09d50000, 0x0c44b000, 0x14800000)
   the space 39916K,  65% used [0x09d50000, 0x0b6c4f10, 0x0b6c5000, 0x0c44b000)
 Metaspace       used 25107K, capacity 25420K, committed 25600K, reserved 25984K
}
Event: 177.806 GC heap before
{Heap before GC invocations=124 (full 3):
 def new generation   total 18048K, used 17244K [0x04800000, 0x05b90000, 0x09d50000)
  eden space 16064K, 100% used [0x04800000, 0x057b0000, 0x057b0000)
  from space 1984K,  59% used [0x059a0000, 0x05ac71f8, 0x05b90000)
  to   space 1984K,   0% used [0x057b0000, 0x057b0000, 0x059a0000)
 tenured generation   total 39916K, used 26067K [0x09d50000, 0x0c44b000, 0x14800000)
   the space 39916K,  65% used [0x09d50000, 0x0b6c4f10, 0x0b6c5000, 0x0c44b000)
 Metaspace       used 25540K, capacity 25869K, committed 26112K, reserved 27008K
Event: 177.812 GC heap after
Heap after GC invocations=125 (full 3):
 def new generation   total 18048K, used 617K [0x04800000, 0x05b90000, 0x09d50000)
  eden space 16064K,   0% used [0x04800000, 0x04800000, 0x057b0000)
  from space 1984K,  31% used [0x057b0000, 0x0584a4d0, 0x059a0000)
  to   space 1984K,   0% used [0x059a0000, 0x059a0000, 0x05b90000)
 tenured generation   total 39916K, used 26417K [0x09d50000, 0x0c44b000, 0x14800000)
   the space 39916K,  66% used [0x09d50000, 0x0b71c520, 0x0b71c600, 0x0c44b000)
 Metaspace       used 25540K, capacity 25869K, committed 26112K, reserved 27008K
}

