# JRE version: Java(TM) SE Runtime Environment (8.0_151-b12) (build 1.8.0_151-b12)
# Java VM: Java HotSpot(TM) Client VM (25.151-b12 mixed mode, sharing windows-x86 )
Heap:
 def new generation   total 18816K, used 10226K [0x05000000, 0x06460000, 0x0a550000)
  eden space 16768K,  56% used [0x05000000, 0x05940b50, 0x06060000)
  from space 2048K,  36% used [0x06260000, 0x0631bd78, 0x06460000)
  to   space 2048K,   0% used [0x06060000, 0x06060000, 0x06260000)
 tenured generation   total 41696K, used 32245K [0x0a550000, 0x0ce08000, 0x15000000)
   the space 41696K,  77% used [0x0a550000, 0x0c4cd690, 0x0c4cd800, 0x0ce08000)
 Metaspace       used 30547K, capacity 30980K, committed 31232K, reserved 32128K
GC Heap History (10 events):
Event: 609.080 GC heap before
{Heap before GC invocations=185 (full 4):
 def new generation   total 18816K, used 16876K [0x05000000, 0x06460000, 0x0a550000)
  eden space 16768K, 100% used [0x05000000, 0x06060000, 0x06060000)
  from space 2048K,   5% used [0x06060000, 0x0607b0e0, 0x06260000)
  to   space 2048K,   0% used [0x06260000, 0x06260000, 0x06460000)
 tenured generation   total 41696K, used 32245K [0x0a550000, 0x0ce08000, 0x15000000)
   the space 41696K,  77% used [0x0a550000, 0x0c4cd690, 0x0c4cd800, 0x0ce08000)
 Metaspace       used 30247K, capacity 30662K, committed 30848K, reserved 31104K
Event: 609.086 GC heap after
Heap after GC invocations=186 (full 4):
 def new generation   total 18816K, used 436K [0x05000000, 0x06460000, 0x0a550000)
  eden space 16768K,   0% used [0x05000000, 0x05000000, 0x06060000)
  from space 2048K,  21% used [0x06260000, 0x062cd358, 0x06460000)
  to   space 2048K,   0% used [0x06060000, 0x06060000, 0x06260000)
 tenured generation   total 41696K, used 32245K [0x0a550000, 0x0ce08000, 0x15000000)
   the space 41696K,  77% used [0x0a550000, 0x0c4cd690, 0x0c4cd800, 0x0ce08000)
 Metaspace       used 30247K, capacity 30662K, committed 30848K, reserved 31104K
}
Event: 623.310 GC heap before
{Heap before GC invocations=186 (full 4):
 def new generation   total 18816K, used 17204K [0x05000000, 0x06460000, 0x0a550000)
  eden space 16768K, 100% used [0x05000000, 0x06060000, 0x06060000)
  from space 2048K,  21% used [0x06260000, 0x062cd358, 0x06460000)
  to   space 2048K,   0% used [0x06060000, 0x06060000, 0x06260000)
 tenured generation   total 41696K, used 32245K [0x0a550000, 0x0ce08000, 0x15000000)
   the space 41696K,  77% used [0x0a550000, 0x0c4cd690, 0x0c4cd800, 0x0ce08000)
 Metaspace       used 30248K, capacity 30662K, committed 30848K, reserved 31104K
Event: 623.315 GC heap after
Heap after GC invocations=187 (full 4):
 def new generation   total 18816K, used 328K [0x05000000, 0x06460000, 0x0a550000)
  eden space 16768K,   0% used [0x05000000, 0x05000000, 0x06060000)
  from space 2048K,  16% used [0x06060000, 0x060b22f8, 0x06260000)
  to   space 2048K,   0% used [0x06260000, 0x06260000, 0x06460000)
 tenured generation   total 41696K, used 32245K [0x0a550000, 0x0ce08000, 0x15000000)
   the space 41696K,  77% used [0x0a550000, 0x0c4cd690, 0x0c4cd800, 0x0ce08000)
 Metaspace       used 30248K, capacity 30662K, committed 30848K, reserved 31104K
}
Event: 636.934 GC heap before
{Heap before GC invocations=187 (full 4):
 def new generation   total 18816K, used 17096K [0x05000000, 0x06460000, 0x0a550000)
  eden space 16768K, 100% used [0x05000000, 0x06060000, 0x06060000)
  from space 2048K,  16% used [0x06060000, 0x060b22f8, 0x06260000)
  to   space 2048K,   0% used [0x06260000, 0x06260000, 0x06460000)
 tenured generation   total 41696K, used 32245K [0x0a550000, 0x0ce08000, 0x15000000)
   the space 41696K,  77% used [0x0a550000, 0x0c4cd690, 0x0c4cd800, 0x0ce08000)
 Metaspace       used 30248K, capacity 30662K, committed 30848K, reserved 31104K
Event: 636.938 GC heap after
Heap after GC invocations=188 (full 4):
 def new generation   total 18816K, used 611K [0x05000000, 0x06460000, 0x0a550000)
  eden space 16768K,   0% used [0x05000000, 0x05000000, 0x06060000)
  from space 2048K,  29% used [0x06260000, 0x062f8fa8, 0x06460000)
  to   space 2048K,   0% used [0x06060000, 0x06060000, 0x06260000)
 tenured generation   total 41696K, used 32245K [0x0a550000, 0x0ce08000, 0x15000000)
   the space 41696K,  77% used [0x0a550000, 0x0c4cd690, 0x0c4cd800, 0x0ce08000)
 Metaspace       used 30248K, capacity 30662K, committed 30848K, reserved 31104K
}
Event: 645.956 GC heap before
{Heap before GC invocations=188 (full 4):
 def new generation   total 18816K, used 17379K [0x05000000, 0x06460000, 0x0a550000)
  eden space 16768K, 100% used [0x05000000, 0x06060000, 0x06060000)
  from space 2048K,  29% used [0x06260000, 0x062f8fa8, 0x06460000)
  to   space 2048K,   0% used [0x06060000, 0x06060000, 0x06260000)
 tenured generation   total 41696K, used 32245K [0x0a550000, 0x0ce08000, 0x15000000)
   the space 41696K,  77% used [0x0a550000, 0x0c4cd690, 0x0c4cd800, 0x0ce08000)
 Metaspace       used 30476K, capacity 30886K, committed 31104K, reserved 31104K
Event: 645.962 GC heap after
Heap after GC invocations=189 (full 4):
 def new generation   total 18816K, used 985K [0x05000000, 0x06460000, 0x0a550000)
  eden space 16768K,   0% used [0x05000000, 0x05000000, 0x06060000)
  from space 2048K,  48% used [0x06060000, 0x06156600, 0x06260000)
  to   space 2048K,   0% used [0x06260000, 0x06260000, 0x06460000)
 tenured generation   total 41696K, used 32245K [0x0a550000, 0x0ce08000, 0x15000000)
   the space 41696K,  77% used [0x0a550000, 0x0c4cd690, 0x0c4cd800, 0x0ce08000)
 Metaspace       used 30476K, capacity 30886K, committed 31104K, reserved 31104K
}
Event: 659.382 GC heap before
{Heap before GC invocations=189 (full 4):
 def new generation   total 18816K, used 17753K [0x05000000, 0x06460000, 0x0a550000)
  eden space 16768K, 100% used [0x05000000, 0x06060000, 0x06060000)
  from space 2048K,  48% used [0x06060000, 0x06156600, 0x06260000)
  to   space 2048K,   0% used [0x06260000, 0x06260000, 0x06460000)
 tenured generation   total 41696K, used 32245K [0x0a550000, 0x0ce08000, 0x15000000)
   the space 41696K,  77% used [0x0a550000, 0x0c4cd690, 0x0c4cd800, 0x0ce08000)
 Metaspace       used 30476K, capacity 30886K, committed 31104K, reserved 31104K
Event: 659.389 GC heap after
Heap after GC invocations=190 (full 4):
 def new generation   total 18816K, used 751K [0x05000000, 0x06460000, 0x0a550000)
  eden space 16768K,   0% used [0x05000000, 0x05000000, 0x06060000)
  from space 2048K,  36% used [0x06260000, 0x0631bd78, 0x06460000)
  to   space 2048K,   0% used [0x06060000, 0x06060000, 0x06260000)
 tenured generation   total 41696K, used 32245K [0x0a550000, 0x0ce08000, 0x15000000)
   the space 41696K,  77% used [0x0a550000, 0x0c4cd690, 0x0c4cd800, 0x0ce08000)
 Metaspace       used 30476K, capacity 30886K, committed 31104K, reserved 31104K
}

