# JRE version: Java(TM) SE Runtime Environment (8.0_151-b12) (build 1.8.0_151-b12)
# Java VM: Java HotSpot(TM) Client VM (25.151-b12 mixed mode, sharing windows-x86 )
Heap:
 def new generation   total 19392K, used 2524K [0x04800000, 0x05d00000, 0x09d50000)
  eden space 17280K,  14% used [0x04800000, 0x04a6a8b8, 0x058e0000)
  from space 2112K,   2% used [0x05af0000, 0x05afc7b8, 0x05d00000)
  to   space 2112K,   0% used [0x058e0000, 0x058e0000, 0x05af0000)
 tenured generation   total 42936K, used 34952K [0x09d50000, 0x0c73e000, 0x14800000)
   the space 42936K,  81% used [0x09d50000, 0x0bf72118, 0x0bf72200, 0x0c73e000)
 Metaspace       used 31184K, capacity 31697K, committed 31744K, reserved 32128K
GC Heap History (10 events):
Event: 1405.000 GC heap before
{Heap before GC invocations=244 (full 4):
 def new generation   total 19392K, used 19392K [0x04800000, 0x05d00000, 0x09d50000)
  eden space 17280K, 100% used [0x04800000, 0x058e0000, 0x058e0000)
  from space 2112K, 100% used [0x058e0000, 0x05af0000, 0x05af0000)
  to   space 2112K,   0% used [0x05af0000, 0x05af0000, 0x05d00000)
 tenured generation   total 42936K, used 28471K [0x09d50000, 0x0c73e000, 0x14800000)
   the space 42936K,  66% used [0x09d50000, 0x0b91ddf8, 0x0b91de00, 0x0c73e000)
 Metaspace       used 31122K, capacity 31593K, committed 31616K, reserved 32128K
Event: 1405.018 GC heap after
Heap after GC invocations=245 (full 4):
 def new generation   total 19392K, used 1388K [0x04800000, 0x05d00000, 0x09d50000)
  eden space 17280K,   0% used [0x04800000, 0x04800000, 0x058e0000)
  from space 2112K,  65% used [0x05af0000, 0x05c4b088, 0x05d00000)
  to   space 2112K,   0% used [0x058e0000, 0x058e0000, 0x05af0000)
 tenured generation   total 42936K, used 30565K [0x09d50000, 0x0c73e000, 0x14800000)
   the space 42936K,  71% used [0x09d50000, 0x0bb29510, 0x0bb29600, 0x0c73e000)
 Metaspace       used 31122K, capacity 31593K, committed 31616K, reserved 32128K
}
Event: 1405.440 GC heap before
{Heap before GC invocations=245 (full 4):
 def new generation   total 19392K, used 18668K [0x04800000, 0x05d00000, 0x09d50000)
  eden space 17280K, 100% used [0x04800000, 0x058e0000, 0x058e0000)
  from space 2112K,  65% used [0x05af0000, 0x05c4b088, 0x05d00000)
  to   space 2112K,   0% used [0x058e0000, 0x058e0000, 0x05af0000)
 tenured generation   total 42936K, used 30565K [0x09d50000, 0x0c73e000, 0x14800000)
   the space 42936K,  71% used [0x09d50000, 0x0bb29510, 0x0bb29600, 0x0c73e000)
 Metaspace       used 31122K, capacity 31593K, committed 31616K, reserved 32128K
Event: 1405.452 GC heap after
Heap after GC invocations=246 (full 4):
 def new generation   total 19392K, used 1481K [0x04800000, 0x05d00000, 0x09d50000)
  eden space 17280K,   0% used [0x04800000, 0x04800000, 0x058e0000)
  from space 2112K,  70% used [0x058e0000, 0x05a52520, 0x05af0000)
  to   space 2112K,   0% used [0x05af0000, 0x05af0000, 0x05d00000)
 tenured generation   total 42936K, used 31752K [0x09d50000, 0x0c73e000, 0x14800000)
   the space 42936K,  73% used [0x09d50000, 0x0bc52380, 0x0bc52400, 0x0c73e000)
 Metaspace       used 31122K, capacity 31593K, committed 31616K, reserved 32128K
}
Event: 1412.716 GC heap before
{Heap before GC invocations=246 (full 4):
 def new generation   total 19392K, used 18761K [0x04800000, 0x05d00000, 0x09d50000)
  eden space 17280K, 100% used [0x04800000, 0x058e0000, 0x058e0000)
  from space 2112K,  70% used [0x058e0000, 0x05a52520, 0x05af0000)
  to   space 2112K,   0% used [0x05af0000, 0x05af0000, 0x05d00000)
 tenured generation   total 42936K, used 31752K [0x09d50000, 0x0c73e000, 0x14800000)
   the space 42936K,  73% used [0x09d50000, 0x0bc52380, 0x0bc52400, 0x0c73e000)
 Metaspace       used 31122K, capacity 31593K, committed 31616K, reserved 32128K
Event: 1412.725 GC heap after
Heap after GC invocations=247 (full 4):
 def new generation   total 19392K, used 636K [0x04800000, 0x05d00000, 0x09d50000)
  eden space 17280K,   0% used [0x04800000, 0x04800000, 0x058e0000)
  from space 2112K,  30% used [0x05af0000, 0x05b8f170, 0x05d00000)
  to   space 2112K,   0% used [0x058e0000, 0x058e0000, 0x05af0000)
 tenured generation   total 42936K, used 33054K [0x09d50000, 0x0c73e000, 0x14800000)
   the space 42936K,  76% used [0x09d50000, 0x0bd97b90, 0x0bd97c00, 0x0c73e000)
 Metaspace       used 31122K, capacity 31593K, committed 31616K, reserved 32128K
}
Event: 1418.458 GC heap before
{Heap before GC invocations=247 (full 4):
 def new generation   total 19392K, used 17905K [0x04800000, 0x05d00000, 0x09d50000)
  eden space 17280K,  99% used [0x04800000, 0x058dd370, 0x058e0000)
  from space 2112K,  30% used [0x05af0000, 0x05b8f170, 0x05d00000)
  to   space 2112K,   0% used [0x058e0000, 0x058e0000, 0x05af0000)
 tenured generation   total 42936K, used 33054K [0x09d50000, 0x0c73e000, 0x14800000)
   the space 42936K,  76% used [0x09d50000, 0x0bd97b90, 0x0bd97c00, 0x0c73e000)
 Metaspace       used 31160K, capacity 31660K, committed 31744K, reserved 32128K
Event: 1418.468 GC heap after
Heap after GC invocations=248 (full 4):
 def new generation   total 19392K, used 1943K [0x04800000, 0x05d00000, 0x09d50000)
  eden space 17280K,   0% used [0x04800000, 0x04800000, 0x058e0000)
  from space 2112K,  92% used [0x058e0000, 0x05ac5d30, 0x05af0000)
  to   space 2112K,   0% used [0x05af0000, 0x05af0000, 0x05d00000)
 tenured generation   total 42936K, used 33054K [0x09d50000, 0x0c73e000, 0x14800000)
   the space 42936K,  76% used [0x09d50000, 0x0bd97b90, 0x0bd97c00, 0x0c73e000)
 Metaspace       used 31160K, capacity 31660K, committed 31744K, reserved 32128K
}
Event: 1418.476 GC heap before
{Heap before GC invocations=248 (full 4):
 def new generation   total 19392K, used 19201K [0x04800000, 0x05d00000, 0x09d50000)
  eden space 17280K,  99% used [0x04800000, 0x058da8b8, 0x058e0000)
  from space 2112K,  92% used [0x058e0000, 0x05ac5d30, 0x05af0000)
  to   space 2112K,   0% used [0x05af0000, 0x05af0000, 0x05d00000)
 tenured generation   total 42936K, used 33054K [0x09d50000, 0x0c73e000, 0x14800000)
   the space 42936K,  76% used [0x09d50000, 0x0bd97b90, 0x0bd97c00, 0x0c73e000)
 Metaspace       used 31160K, capacity 31660K, committed 31744K, reserved 32128K
Event: 1418.484 GC heap after
Heap after GC invocations=249 (full 4):
 def new generation   total 19392K, used 49K [0x04800000, 0x05d00000, 0x09d50000)
  eden space 17280K,   0% used [0x04800000, 0x04800000, 0x058e0000)
  from space 2112K,   2% used [0x05af0000, 0x05afc7b8, 0x05d00000)
  to   space 2112K,   0% used [0x058e0000, 0x058e0000, 0x05af0000)
 tenured generation   total 42936K, used 34952K [0x09d50000, 0x0c73e000, 0x14800000)
   the space 42936K,  81% used [0x09d50000, 0x0bf72118, 0x0bf72200, 0x0c73e000)
 Metaspace       used 31160K, capacity 31660K, committed 31744K, reserved 32128K
}

