# JRE version: Java(TM) SE Runtime Environment (8.0_151-b12) (build 1.8.0_151-b12)
# Java VM: Java HotSpot(TM) Client VM (25.151-b12 mixed mode, sharing windows-x86 )
Heap:
 def new generation   total 19648K, used 11609K [0x04800000, 0x05d50000, 0x09d50000)
  eden space 17472K,  66% used [0x04800000, 0x0534b7b8, 0x05910000)
  from space 2176K,   2% used [0x05910000, 0x0591b028, 0x05b30000)
  to   space 2176K,   0% used [0x05b30000, 0x05b30000, 0x05d50000)
 tenured generation   total 43564K, used 29430K [0x09d50000, 0x0c7db000, 0x14800000)
   the space 43564K,  67% used [0x09d50000, 0x0ba0d950, 0x0ba0da00, 0x0c7db000)
 Metaspace       used 26507K, capacity 26877K, committed 27008K, reserved 27008K
GC Heap History (10 events):
Event: 17.474 GC heap before
{Heap before GC invocations=121 (full 3):
 def new generation   total 19648K, used 18559K [0x04800000, 0x05d50000, 0x09d50000)
  eden space 17472K, 100% used [0x04800000, 0x05910000, 0x05910000)
  from space 2176K,  49% used [0x05b30000, 0x05c3fe88, 0x05d50000)
  to   space 2176K,   0% used [0x05910000, 0x05910000, 0x05b30000)
 tenured generation   total 43564K, used 26825K [0x09d50000, 0x0c7db000, 0x14800000)
   the space 43564K,  61% used [0x09d50000, 0x0b7825b8, 0x0b782600, 0x0c7db000)
 Metaspace       used 24571K, capacity 24886K, committed 25088K, reserved 25984K
Event: 17.489 GC heap after
Heap after GC invocations=122 (full 3):
 def new generation   total 19648K, used 2176K [0x04800000, 0x05d50000, 0x09d50000)
  eden space 17472K,   0% used [0x04800000, 0x04800000, 0x05910000)
  from space 2176K, 100% used [0x05910000, 0x05b30000, 0x05b30000)
  to   space 2176K,   0% used [0x05b30000, 0x05b30000, 0x05d50000)
 tenured generation   total 43564K, used 26893K [0x09d50000, 0x0c7db000, 0x14800000)
   the space 43564K,  61% used [0x09d50000, 0x0b7934b8, 0x0b793600, 0x0c7db000)
 Metaspace       used 24571K, capacity 24886K, committed 25088K, reserved 25984K
}
Event: 19.592 GC heap before
{Heap before GC invocations=122 (full 3):
 def new generation   total 19648K, used 19648K [0x04800000, 0x05d50000, 0x09d50000)
  eden space 17472K, 100% used [0x04800000, 0x05910000, 0x05910000)
  from space 2176K, 100% used [0x05910000, 0x05b30000, 0x05b30000)
  to   space 2176K,   0% used [0x05b30000, 0x05b30000, 0x05d50000)
 tenured generation   total 43564K, used 26893K [0x09d50000, 0x0c7db000, 0x14800000)
   the space 43564K,  61% used [0x09d50000, 0x0b7934b8, 0x0b793600, 0x0c7db000)
 Metaspace       used 25661K, capacity 26004K, committed 26240K, reserved 27008K
Event: 19.607 GC heap after
Heap after GC invocations=123 (full 3):
 def new generation   total 19648K, used 1710K [0x04800000, 0x05d50000, 0x09d50000)
  eden space 17472K,   0% used [0x04800000, 0x04800000, 0x05910000)
  from space 2176K,  78% used [0x05b30000, 0x05cdbb78, 0x05d50000)
  to   space 2176K,   0% used [0x05910000, 0x05910000, 0x05b30000)
 tenured generation   total 43564K, used 28449K [0x09d50000, 0x0c7db000, 0x14800000)
   the space 43564K,  65% used [0x09d50000, 0x0b918610, 0x0b918800, 0x0c7db000)
 Metaspace       used 25661K, capacity 26004K, committed 26240K, reserved 27008K
}
Event: 26.373 GC heap before
{Heap before GC invocations=123 (full 3):
 def new generation   total 19648K, used 19182K [0x04800000, 0x05d50000, 0x09d50000)
  eden space 17472K, 100% used [0x04800000, 0x05910000, 0x05910000)
  from space 2176K,  78% used [0x05b30000, 0x05cdbb78, 0x05d50000)
  to   space 2176K,   0% used [0x05910000, 0x05910000, 0x05b30000)
 tenured generation   total 43564K, used 28449K [0x09d50000, 0x0c7db000, 0x14800000)
   the space 43564K,  65% used [0x09d50000, 0x0b918610, 0x0b918800, 0x0c7db000)
 Metaspace       used 26498K, capacity 26867K, committed 27008K, reserved 27008K
Event: 26.384 GC heap after
Heap after GC invocations=124 (full 3):
 def new generation   total 19648K, used 1302K [0x04800000, 0x05d50000, 0x09d50000)
  eden space 17472K,   0% used [0x04800000, 0x04800000, 0x05910000)
  from space 2176K,  59% used [0x05910000, 0x05a55838, 0x05b30000)
  to   space 2176K,   0% used [0x05b30000, 0x05b30000, 0x05d50000)
 tenured generation   total 43564K, used 29000K [0x09d50000, 0x0c7db000, 0x14800000)
   the space 43564K,  66% used [0x09d50000, 0x0b9a22f8, 0x0b9a2400, 0x0c7db000)
 Metaspace       used 26498K, capacity 26867K, committed 27008K, reserved 27008K
}
Event: 49.099 GC heap before
{Heap before GC invocations=124 (full 3):
 def new generation   total 19648K, used 18774K [0x04800000, 0x05d50000, 0x09d50000)
  eden space 17472K, 100% used [0x04800000, 0x05910000, 0x05910000)
  from space 2176K,  59% used [0x05910000, 0x05a55838, 0x05b30000)
  to   space 2176K,   0% used [0x05b30000, 0x05b30000, 0x05d50000)
 tenured generation   total 43564K, used 29000K [0x09d50000, 0x0c7db000, 0x14800000)
   the space 43564K,  66% used [0x09d50000, 0x0b9a22f8, 0x0b9a2400, 0x0c7db000)
 Metaspace       used 26507K, capacity 26877K, committed 27008K, reserved 27008K
Event: 49.107 GC heap after
Heap after GC invocations=125 (full 3):
 def new generation   total 19648K, used 62K [0x04800000, 0x05d50000, 0x09d50000)
  eden space 17472K,   0% used [0x04800000, 0x04800000, 0x05910000)
  from space 2176K,   2% used [0x05b30000, 0x05b3f910, 0x05d50000)
  to   space 2176K,   0% used [0x05910000, 0x05910000, 0x05b30000)
 tenured generation   total 43564K, used 29430K [0x09d50000, 0x0c7db000, 0x14800000)
   the space 43564K,  67% used [0x09d50000, 0x0ba0d950, 0x0ba0da00, 0x0c7db000)
 Metaspace       used 26507K, capacity 26877K, committed 27008K, reserved 27008K
}
Event: 72.662 GC heap before
{Heap before GC invocations=125 (full 3):
 def new generation   total 19648K, used 17534K [0x04800000, 0x05d50000, 0x09d50000)
  eden space 17472K, 100% used [0x04800000, 0x05910000, 0x05910000)
  from space 2176K,   2% used [0x05b30000, 0x05b3f910, 0x05d50000)
  to   space 2176K,   0% used [0x05910000, 0x05910000, 0x05b30000)
 tenured generation   total 43564K, used 29430K [0x09d50000, 0x0c7db000, 0x14800000)
   the space 43564K,  67% used [0x09d50000, 0x0ba0d950, 0x0ba0da00, 0x0c7db000)
 Metaspace       used 26507K, capacity 26877K, committed 27008K, reserved 27008K
Event: 72.666 GC heap after
Heap after GC invocations=126 (full 3):
 def new generation   total 19648K, used 44K [0x04800000, 0x05d50000, 0x09d50000)
  eden space 17472K,   0% used [0x04800000, 0x04800000, 0x05910000)
  from space 2176K,   2% used [0x05910000, 0x0591b028, 0x05b30000)
  to   space 2176K,   0% used [0x05b30000, 0x05b30000, 0x05d50000)
 tenured generation   total 43564K, used 29430K [0x09d50000, 0x0c7db000, 0x14800000)
   the space 43564K,  67% used [0x09d50000, 0x0ba0d950, 0x0ba0da00, 0x0c7db000)
 Metaspace       used 26507K, capacity 26877K, committed 27008K, reserved 27008K
}

